<?xml version="1.0" encoding="UTF-8"?>
<!-- Generated by org.testng.reporters.JUnitXMLReporter -->
<testsuite ignored="2" hostname="LAPTOP-N926GS71" failures="0" tests="1" name="Default test" time="36.938" errors="0" timestamp="2022-07-24T14:27:29 IST">
  <testcase classname="com.bridgelabz_Selenium_Keyword_DrivenFramework.LoginTest" name="loginTestValidation" time="36.68"/>
  <testcase classname="com.bridgelabz_Selenium_Keyword_DrivenFramework.LoginTest" name="loginTest" time="0.0">
    <ignored/>
  </testcase> <!-- loginTest -->
  <testcase classname="com.bridgelabz_Selenium_Keyword_DrivenFramework.LoginTest" name="signUpTest" time="0.0">
    <ignored/>
  </testcase> <!-- signUpTest -->
</testsuite> <!-- Default test -->
