<?xml version="1.0" encoding="UTF-8"?>
<!-- Generated by org.testng.reporters.JUnitXMLReporter -->
<testsuite ignored="0" hostname="LAPTOP-N926GS71" failures="1" tests="2" name="Test" time="1.255" errors="0" timestamp="20 Jul 2022 07:32:10 GMT">
  <testcase classname="com.bridgelabz_Selenium_Keyword_DrivenFramework.LoginTest" name="loginTest" time="1.028"/>
  <testcase classname="com.bridgelabz_Selenium_Keyword_DrivenFramework.LoginTest" name="signUpTest" time="0.047">
    <failure type="java.lang.NullPointerException" message="Cannot invoke &amp;quot;org.apache.poi.ss.usermodel.Sheet.getLastRowNum()&amp;quot; because &amp;quot;com.keyword.engine.KeyWordEngine.sheet&amp;quot; is null">
      <![CDATA[java.lang.NullPointerException: Cannot invoke "org.apache.poi.ss.usermodel.Sheet.getLastRowNum()" because "com.keyword.engine.KeyWordEngine.sheet" is null
at com.keyword.engine.KeyWordEngine.startExecution(KeyWordEngine.java:53)
at com.bridgelabz_Selenium_Keyword_DrivenFramework.LoginTest.signUpTest(LoginTest.java:20)
... Removed 25 stack frames]]>
    </failure>
  </testcase> <!-- signUpTest -->
</testsuite> <!-- Test -->
