<?xml version="1.0" encoding="UTF-8"?>
<!-- Generated by org.testng.reporters.JUnitXMLReporter -->
<testsuite ignored="0" hostname="LAPTOP-N926GS71" failures="0" tests="2" name="Facebook App Test Cases" time="41.215" errors="0" timestamp="2022-07-21T20:34:20 IST">
  <testcase classname="com.bridgelabz_Selenium_Keyword_DrivenFramework.LoginTest" name="loginTest" time="15.757"/>
  <testcase classname="com.bridgelabz_Selenium_Keyword_DrivenFramework.LoginTest" name="signUpTest" time="25.222"/>
</testsuite> <!-- Facebook App Test Cases -->
