<?xml version="1.0" encoding="UTF-8"?>
<testng-results ignored="2" total="3" passed="1" failed="0" skipped="0">
  <reporter-output>
  </reporter-output>
  <suite started-at="2022-07-24T14:26:52 IST" name="Default suite" finished-at="2022-07-24T14:27:29 IST" duration-ms="36938">
    <groups>
    </groups>
    <test started-at="2022-07-24T14:26:52 IST" name="Default test" finished-at="2022-07-24T14:27:29 IST" duration-ms="36938">
      <class name="com.bridgelabz_Selenium_Keyword_DrivenFramework.LoginTest">
        <test-method signature="loginTestValidation()[pri:0, instance:com.bridgelabz_Selenium_Keyword_DrivenFramework.LoginTest@173ed316]" started-at="2022-07-24T14:26:52 IST" name="loginTestValidation" finished-at="2022-07-24T14:27:29 IST" duration-ms="36680" status="PASS">
          <reporter-output>
          </reporter-output>
        </test-method> <!-- loginTestValidation -->
      </class> <!-- com.bridgelabz_Selenium_Keyword_DrivenFramework.LoginTest -->
    </test> <!-- Default test -->
  </suite> <!-- Default suite -->
</testng-results>
